#
# There is insufficient memory for the Java Runtime Environment to continue.
# Native memory allocation (mmap) failed to map 40108032 bytes for committing reserved memory.
# Possible reasons:
#   The system is out of physical RAM or swap space
#   In 32 bit mode, the process size limit was hit
# Possible solutions:
#   Reduce memory load on the system
#   Increase physical memory or swap space
#   Check if swap backing store is full
#   Use 64 bit Java on a 64 bit OS
#   Decrease Java heap size (-Xmx/-Xms)
#   Decrease number of Java threads
#   Decrease Java thread stack sizes (-Xss)
#   Set larger code cache with -XX:ReservedCodeCacheSize=
# This output file may be truncated or incomplete.
#
#  Out of Memory Error (os_linux.cpp:2627), pid=9022, tid=1673374528
#
# JRE version: Java(TM) SE Runtime Environment (8.0_66-b17) (build 1.8.0_66-b17)
# Java VM: Java HotSpot(TM) Server VM (25.66-b17 mixed mode linux-x86 )
# Failed to write core dump. Core dumps have been disabled. To enable core dumping, try "ulimit -c unlimited" before starting Java again
#

---------------  T H R E A D  ---------------

Current thread (0x63a81800):  VMThread [stack: 0x63b5a000,0x63bdb000] [id=9031]

Stack: [0x63b5a000,0x63bdb000],  sp=0x63bd9930,  free space=510k
Native frames: (J=compiled Java code, j=interpreted, Vv=VM code, C=native code)
V  [libjvm.so+0x8cd0ff]  VMError::report_and_die()+0x16f
V  [libjvm.so+0x38bee5]  report_vm_out_of_memory(char const*, int, unsigned int, VMErrorType, char const*)+0x55
V  [libjvm.so+0x750ed6]  os::Linux::commit_memory_impl(char*, unsigned int, bool)+0xe6
V  [libjvm.so+0x7513a8]  os::pd_commit_memory(char*, unsigned int, unsigned int, bool)+0x28
V  [libjvm.so+0x74b2cc]  os::commit_memory(char*, unsigned int, unsigned int, bool)+0x2c
V  [libjvm.so+0x7b58a8]  PSVirtualSpace::expand_by(unsigned int)+0x48
V  [libjvm.so+0x7b69aa]  PSYoungGen::resize_generation(unsigned int, unsigned int)+0xda
V  [libjvm.so+0x7b5cd9]  PSYoungGen::resize(unsigned int, unsigned int)+0x19
V  [libjvm.so+0x7b3605]  PSScavenge::invoke_no_policy()+0xd15
V  [libjvm.so+0x7b3dc8]  PSScavenge::invoke()+0x28
V  [libjvm.so+0x7728ba]  ParallelScavengeHeap::failed_mem_allocate(unsigned int)+0x5a
V  [libjvm.so+0x8cebca]  VM_ParallelGCFailedAllocation::doit()+0x7a
V  [libjvm.so+0x8d81d7]  VM_Operation::evaluate()+0x47
V  [libjvm.so+0x8d62b3]  VMThread::evaluate_operation(VM_Operation*)+0xb3
V  [libjvm.so+0x8d6650]  VMThread::loop()+0x1b0
V  [libjvm.so+0x8d6ab5]  VMThread::run()+0x85
V  [libjvm.so+0x753519]  java_start(Thread*)+0x119
C  [libpthread.so.0+0x61aa]  start_thread+0xda

VM_Operation (0xb6766434): ParallelGCFailedAllocation, mode: safepoint, requested by thread 0xb6607800


---------------  P R O C E S S  ---------------

Java Threads: ( => current thread )
  0x6322a000 JavaThread "pool-1-thread-4" [_thread_blocked, id=9049, stack(0x6310d000,0x6315e000)]
  0x63228400 JavaThread "pool-1-thread-3" [_thread_blocked, id=9048, stack(0x6315e000,0x631af000)]
  0x63226400 JavaThread "pool-1-thread-2" [_thread_blocked, id=9047, stack(0x631af000,0x63200000)]
  0x6320f400 JavaThread "pool-2-thread-1" [_thread_blocked, id=9046, stack(0x63309000,0x6335a000)]
  0x6320e400 JavaThread "pool-1-thread-1" [_thread_blocked, id=9045, stack(0x6335a000,0x633ab000)]
  0x63aabc00 JavaThread "Service Thread" daemon [_thread_blocked, id=9038, stack(0x6342c000,0x6347d000)]
  0x63aa8800 JavaThread "C1 CompilerThread2" daemon [_thread_blocked, id=9037, stack(0x6347d000,0x634fe000)]
  0x63aa7000 JavaThread "C2 CompilerThread1" daemon [_thread_blocked, id=9036, stack(0x634fe000,0x6357f000)]
  0x63aa5000 JavaThread "C2 CompilerThread0" daemon [_thread_blocked, id=9035, stack(0x6357f000,0x63600000)]
  0x63aa3800 JavaThread "Signal Dispatcher" daemon [_thread_blocked, id=9034, stack(0x63b09000,0x63b5a000)]
  0x63a86000 JavaThread "Finalizer" daemon [_thread_blocked, id=9033, stack(0x6692e000,0x6697f000)]
  0x63a84800 JavaThread "Reference Handler" daemon [_thread_blocked, id=9032, stack(0x66b2e000,0x66b7f000)]
  0xb6607800 JavaThread "main" [_thread_blocked, id=9024, stack(0xb6717000,0xb6768000)]

Other Threads:
=>0x63a81800 VMThread [stack: 0x63b5a000,0x63bdb000] [id=9031]
  0x63aaec00 WatcherThread [stack: 0x633ab000,0x6342c000] [id=9039]

VM state:at safepoint (normal execution)

VM Mutex/Monitor currently owned by a thread:  ([mutex/lock_event])
[0xb6604ef0] Threads_lock - owner thread: 0x63a81800
[0xb6605300] Heap_lock - owner thread: 0xb6607800

Heap:
 PSYoungGen      total 220416K, used 89852K [0x91ac0000, 0xa49c0000, 0xa7000000)
  eden space 130560K, 0% used [0x91ac0000,0x91ac0000,0x99a40000)
  from space 89856K, 99% used [0x99a40000,0x9f1ff3d8,0x9f200000)
  to   space 69888K, 0% used [0x9fac0000,0x9fac0000,0xa3f00000)
 ParOldGen       total 206080K, used 131340K [0x67000000, 0x73940000, 0x91ac0000)
  object space 206080K, 63% used [0x67000000,0x6f0430a8,0x73940000)
 Metaspace       used 3975K, capacity 4006K, committed 4120K, reserved 4400K

Card table byte_map: [0x66dff000,0x67000000] byte_map_base: 0x66ac7000

Marking Bits: (ParMarkBitMap*) 0xb71b3380
 Begin Bits: [0x64600000, 0x65600000)
 End Bits:   [0x65600000, 0x66600000)

Polling page: 0xb77c7000

CodeCache: size=245760Kb used=4602Kb max_used=4602Kb free=241158Kb
 bounds [0xa757f000, 0xa7a07000, 0xb657f000]
 total_blobs=1583 nmethods=1422 adapters=75
 compilation: enabled

Compilation events (10 events):
Event: 20.169 Thread 0x63aa8800 1728       2       com.android.dx.ssa.MoveParamCombiner::run (45 bytes)
Event: 20.170 Thread 0x63aa8800 nmethod 1728 0xa79e4d48 code [0xa79e4ea0, 0xa79e5158]
Event: 20.183 Thread 0x63aa8800 1729 %     3       com.android.dx.ssa.SsaMethod::makeExitBlock @ 69 (134 bytes)
Event: 20.184 Thread 0x63aa8800 nmethod 1729% 0xa79fe048 code [0xa79fe280, 0xa79fee60]
Event: 20.191 Thread 0x63aa8800 1731       2       com.android.dx.ssa.Optimizer::runSsaFormSteps (117 bytes)
Event: 20.192 Thread 0x63aa8800 nmethod 1731 0xa79ff608 code [0xa79ff8e0, 0xa7a00060]
Event: 20.192 Thread 0x63aa8800 1732       2       com.android.dx.ssa.MoveParamCombiner::process (12 bytes)
Event: 20.193 Thread 0x63aa8800 nmethod 1732 0xa79e6508 code [0xa79e6620, 0xa79e672c]
Event: 20.193 Thread 0x63aa8800 1733       2       com.android.dx.ssa.MoveParamCombiner::<init> (10 bytes)
Event: 20.193 Thread 0x63aa8800 nmethod 1733 0xa79e62c8 code [0xa79e63c0, 0xa79e64a0]

GC Heap History (10 events):
Event: 12.458 GC heap after
Heap after GC invocations=6 (full 0):
 PSYoungGen      total 120064K, used 12534K [0x91ac0000, 0x9d540000, 0xa7000000)
  eden space 107520K, 0% used [0x91ac0000,0x91ac0000,0x983c0000)
  from space 12544K, 99% used [0x9a300000,0x9af3dbd8,0x9af40000)
  to   space 32000K, 0% used [0x983c0000,0x983c0000,0x9a300000)
 ParOldGen       total 49920K, used 49725K [0x67000000, 0x6a0c0000, 0x91ac0000)
  object space 49920K, 99% used [0x67000000,0x6a08f7e0,0x6a0c0000)
 Metaspace       used 3960K, capacity 4006K, committed 4120K, reserved 4400K
}
Event: 12.458 GC heap before
{Heap before GC invocations=7 (full 1):
 PSYoungGen      total 120064K, used 12534K [0x91ac0000, 0x9d540000, 0xa7000000)
  eden space 107520K, 0% used [0x91ac0000,0x91ac0000,0x983c0000)
  from space 12544K, 99% used [0x9a300000,0x9af3dbd8,0x9af40000)
  to   space 32000K, 0% used [0x983c0000,0x983c0000,0x9a300000)
 ParOldGen       total 49920K, used 49725K [0x67000000, 0x6a0c0000, 0x91ac0000)
  object space 49920K, 99% used [0x67000000,0x6a08f7e0,0x6a0c0000)
 Metaspace       used 3960K, capacity 4006K, committed 4120K, reserved 4400K
Event: 13.829 GC heap after
Heap after GC invocations=7 (full 1):
 PSYoungGen      total 120064K, used 7312K [0x91ac0000, 0x9d540000, 0xa7000000)
  eden space 107520K, 0% used [0x91ac0000,0x91ac0000,0x983c0000)
  from space 12544K, 58% used [0x9a300000,0x9aa243f8,0x9af40000)
  to   space 32000K, 0% used [0x983c0000,0x983c0000,0x9a300000)
 ParOldGen       total 99328K, used 49762K [0x67000000, 0x6d100000, 0x91ac0000)
  object space 99328K, 50% used [0x67000000,0x6a098ad0,0x6d100000)
 Metaspace       used 3960K, capacity 4006K, committed 4120K, reserved 4400K
}
Event: 14.192 GC heap before
{Heap before GC invocations=8 (full 1):
 PSYoungGen      total 120064K, used 114832K [0x91ac0000, 0x9d540000, 0xa7000000)
  eden space 107520K, 100% used [0x91ac0000,0x983c0000,0x983c0000)
  from space 12544K, 58% used [0x9a300000,0x9aa243f8,0x9af40000)
  to   space 32000K, 0% used [0x983c0000,0x983c0000,0x9a300000)
 ParOldGen       total 99328K, used 49762K [0x67000000, 0x6d100000, 0x91ac0000)
  object space 99328K, 50% used [0x67000000,0x6a098ad0,0x6d100000)
 Metaspace       used 3963K, capacity 4006K, committed 4120K, reserved 4400K
Event: 14.565 GC heap after
Heap after GC invocations=8 (full 1):
 PSYoungGen      total 139520K, used 31985K [0x91ac0000, 0xa3f00000, 0xa7000000)
  eden space 107520K, 0% used [0x91ac0000,0x91ac0000,0x983c0000)
  from space 32000K, 99% used [0x983c0000,0x9a2fc680,0x9a300000)
  to   space 69888K, 0% used [0x9fac0000,0x9fac0000,0xa3f00000)
 ParOldGen       total 111616K, used 110874K [0x67000000, 0x6dd00000, 0x91ac0000)
  object space 111616K, 99% used [0x67000000,0x6dc46a28,0x6dd00000)
 Metaspace       used 3963K, capacity 4006K, committed 4120K, reserved 4400K
}
Event: 14.565 GC heap before
{Heap before GC invocations=9 (full 2):
 PSYoungGen      total 139520K, used 31985K [0x91ac0000, 0xa3f00000, 0xa7000000)
  eden space 107520K, 0% used [0x91ac0000,0x91ac0000,0x983c0000)
  from space 32000K, 99% used [0x983c0000,0x9a2fc680,0x9a300000)
  to   space 69888K, 0% used [0x9fac0000,0x9fac0000,0xa3f00000)
 ParOldGen       total 111616K, used 110874K [0x67000000, 0x6dd00000, 0x91ac0000)
  object space 111616K, 99% used [0x67000000,0x6dc46a28,0x6dd00000)
 Metaspace       used 3963K, capacity 4006K, committed 4120K, reserved 4400K
Event: 15.913 GC heap after
Heap after GC invocations=9 (full 2):
 PSYoungGen      total 139520K, used 9658K [0x91ac0000, 0xa3f00000, 0xa7000000)
  eden space 107520K, 0% used [0x91ac0000,0x91ac0000,0x983c0000)
  from space 32000K, 30% used [0x983c0000,0x98d2ebb8,0x9a300000)
  to   space 69888K, 0% used [0x9fac0000,0x9fac0000,0xa3f00000)
 ParOldGen       total 206080K, used 111497K [0x67000000, 0x73940000, 0x91ac0000)
  object space 206080K, 54% used [0x67000000,0x6dce2630,0x73940000)
 Metaspace       used 3963K, capacity 4006K, committed 4120K, reserved 4400K
}
Event: 16.026 GC heap before
{Heap before GC invocations=10 (full 2):
 PSYoungGen      total 139520K, used 117178K [0x91ac0000, 0xa3f00000, 0xa7000000)
  eden space 107520K, 100% used [0x91ac0000,0x983c0000,0x983c0000)
  from space 32000K, 30% used [0x983c0000,0x98d2ebb8,0x9a300000)
  to   space 69888K, 0% used [0x9fac0000,0x9fac0000,0xa3f00000)
 ParOldGen       total 206080K, used 111497K [0x67000000, 0x73940000, 0x91ac0000)
  object space 206080K, 54% used [0x67000000,0x6dce2630,0x73940000)
 Metaspace       used 3963K, capacity 4006K, committed 4120K, reserved 4400K
Event: 16.233 GC heap after
Heap after GC invocations=10 (full 2):
 PSYoungGen      total 200448K, used 69873K [0x91ac0000, 0xa49c0000, 0xa7000000)
  eden space 130560K, 0% used [0x91ac0000,0x91ac0000,0x99a40000)
  from space 69888K, 99% used [0x9fac0000,0xa3efc540,0xa3f00000)
  to   space 89856K, 0% used [0x99a40000,0x99a40000,0x9f200000)
 ParOldGen       total 206080K, used 123801K [0x67000000, 0x73940000, 0x91ac0000)
  object space 206080K, 60% used [0x67000000,0x6e8e6630,0x73940000)
 Metaspace       used 3963K, capacity 4006K, committed 4120K, reserved 4400K
}
Event: 20.199 GC heap before
{Heap before GC invocations=11 (full 2):
 PSYoungGen      total 200448K, used 200433K [0x91ac0000, 0xa49c0000, 0xa7000000)
  eden space 130560K, 100% used [0x91ac0000,0x99a40000,0x99a40000)
  from space 69888K, 99% used [0x9fac0000,0xa3efc540,0xa3f00000)
  to   space 89856K, 0% used [0x99a40000,0x99a40000,0x9f200000)
 ParOldGen       total 206080K, used 123801K [0x67000000, 0x73940000, 0x91ac0000)
  object space 206080K, 60% used [0x67000000,0x6e8e6630,0x73940000)
 Metaspace       used 3975K, capacity 4006K, committed 4120K, reserved 4400K

Deoptimization events (10 events):
Event: 2.459 Thread 0x63226400 Uncommon trap: reason=null_check action=make_not_entrant pc=0xa772d298 method=com.android.dx.rop.type.Type.equals(Ljava/lang/Object;)Z @ 8
Event: 2.980 Thread 0xb6607800 Uncommon trap: reason=unstable_if action=reinterpret pc=0xa77436c4 method=java.lang.String.<init>([CII)V @ 18
Event: 3.986 Thread 0x6320e400 Uncommon trap: reason=bimorphic action=maybe_recompile pc=0xa76eec40 method=java.util.HashMap.getNode(ILjava/lang/Object;)Ljava/util/HashMap$Node; @ 126
Event: 3.986 Thread 0x6320e400 Uncommon trap: reason=bimorphic action=maybe_recompile pc=0xa76eec40 method=java.util.HashMap.getNode(ILjava/lang/Object;)Ljava/util/HashMap$Node; @ 126
Event: 3.986 Thread 0x6320e400 Uncommon trap: reason=bimorphic action=maybe_recompile pc=0xa76eec40 method=java.util.HashMap.getNode(ILjava/lang/Object;)Ljava/util/HashMap$Node; @ 126
Event: 3.986 Thread 0x6320e400 Uncommon trap: reason=bimorphic action=maybe_recompile pc=0xa76eec40 method=java.util.HashMap.getNode(ILjava/lang/Object;)Ljava/util/HashMap$Node; @ 126
Event: 3.986 Thread 0x6320e400 Uncommon trap: reason=bimorphic action=maybe_recompile pc=0xa76f5650 method=java.util.HashMap.getNode(ILjava/lang/Object;)Ljava/util/HashMap$Node; @ 126
Event: 4.005 Thread 0xb6607800 Uncommon trap: reason=unstable_if action=reinterpret pc=0xa76c3294 method=java.lang.String.<init>([CII)V @ 18
Event: 5.618 Thread 0x63228400 Uncommon trap: reason=unstable_if action=reinterpret pc=0xa775b2e0 method=java.util.HashMap.putVal(ILjava/lang/Object;Ljava/lang/Object;ZZ)Ljava/lang/Object; @ 162
Event: 20.121 Thread 0x63226400 Uncommon trap: reason=unstable_if action=reinterpret pc=0xa79e8864 method=java.util.HashMap.getNode(ILjava/lang/Object;)Ljava/util/HashMap$Node; @ 84

Internal exceptions (6 events):
Event: 0.087 Thread 0xb6607800 Exception <a 'java/lang/NoSuchMethodError': Method sun.misc.Unsafe.defineClass(Ljava/lang/String;[BII)Ljava/lang/Class; name or signature does not match> (0x91ad0540) thrown at [/HUDSON/workspace/8-2-build-linux-i586/jdk8u66/4988/hotspot/src/share/vm/prim
Event: 0.087 Thread 0xb6607800 Exception <a 'java/lang/NoSuchMethodError': Method sun.misc.Unsafe.prefetchRead(Ljava/lang/Object;J)V name or signature does not match> (0x91ad0810) thrown at [/HUDSON/workspace/8-2-build-linux-i586/jdk8u66/4988/hotspot/src/share/vm/prims/jni.cpp, line 39
Event: 2.459 Thread 0x63226400 Implicit null exception at 0xa772d1ab to 0xa772d28a
Event: 5.639 Thread 0x63228400 Exception <a 'java/lang/ArrayIndexOutOfBoundsException': 18> (0x94e2e718) thrown at [/HUDSON/workspace/8-2-build-linux-i586/jdk8u66/4988/hotspot/src/share/vm/interpreter/interpreterRuntime.cpp, line 366]
Event: 5.640 Thread 0x63228400 Exception <a 'java/lang/ArrayIndexOutOfBoundsException': 145> (0x94e2ffb8) thrown at [/HUDSON/workspace/8-2-build-linux-i586/jdk8u66/4988/hotspot/src/share/vm/interpreter/interpreterRuntime.cpp, line 366]
Event: 5.656 Thread 0x63228400 Exception <a 'java/lang/ArrayIndexOutOfBoundsException': 40> (0x94e31098) thrown at [/HUDSON/workspace/8-2-build-linux-i586/jdk8u66/4988/hotspot/src/share/vm/interpreter/interpreterRuntime.cpp, line 366]

Events (10 events):
Event: 20.084 Thread 0xb6607800 DEOPT PACKING pc=0xa789e6c8 sp=0xb6766680
Event: 20.084 Thread 0xb6607800 DEOPT UNPACKING pc=0xa75bb590 sp=0xb67665b4 mode 0
Event: 20.110 Thread 0x6322a000 DEOPT PACKING pc=0xa78afd8c sp=0x6315c710
Event: 20.110 Thread 0x6322a000 DEOPT UNPACKING pc=0xa75bb590 sp=0x6315c608 mode 0
Event: 20.121 Thread 0x63226400 Uncommon trap: trap_request=0xffffff65 fr.pc=0xa79e8864
Event: 20.121 Thread 0x63226400 DEOPT PACKING pc=0xa79e8864 sp=0x631fe8c0
Event: 20.121 Thread 0x63226400 DEOPT UNPACKING pc=0xa75b9e55 sp=0x631fe758 mode 2
Event: 20.153 Thread 0x63228400 DEOPT PACKING pc=0xa78afd8c sp=0x631ad790
Event: 20.153 Thread 0x63228400 DEOPT UNPACKING pc=0xa75bb590 sp=0x631ad688 mode 0
Event: 20.194 Executing VM operation: ParallelGCFailedAllocation


Dynamic libraries:
08048000-08049000 r-xp 00000000 08:05 5505841    /usr/lib/jvm/java-8-oracle/bin/java
08049000-0804a000 rw-p 00000000 08:05 5505841    /usr/lib/jvm/java-8-oracle/bin/java
08aa5000-08b52000 rw-p 00000000 00:00 0          [heap]
61600000-61678000 rw-p 00000000 00:00 0 
61678000-61700000 ---p 00000000 00:00 0 
61800000-61900000 rw-p 00000000 00:00 0 
61b00000-61bff000 rw-p 00000000 00:00 0 
61bff000-61c00000 ---p 00000000 00:00 0 
61c00000-61cfb000 rw-p 00000000 00:00 0 
61cfb000-61d00000 ---p 00000000 00:00 0 
61d00000-61de8000 rw-p 00000000 00:00 0 
61de8000-61e00000 ---p 00000000 00:00 0 
61f00000-62100000 rw-p 00000000 00:00 0 
62100000-6215b000 rw-p 00000000 00:00 0 
6215b000-62200000 ---p 00000000 00:00 0 
62300000-623fa000 rw-p 00000000 00:00 0 
623fa000-62400000 ---p 00000000 00:00 0 
62500000-625eb000 rw-p 00000000 00:00 0 
625eb000-62600000 ---p 00000000 00:00 0 
62600000-626ff000 rw-p 00000000 00:00 0 
626ff000-62700000 ---p 00000000 00:00 0 
62700000-627fb000 rw-p 00000000 00:00 0 
627fb000-62800000 ---p 00000000 00:00 0 
62900000-629fb000 rw-p 00000000 00:00 0 
629fb000-62a00000 ---p 00000000 00:00 0 
62b00000-62bea000 rw-p 00000000 00:00 0 
62bea000-62c00000 ---p 00000000 00:00 0 
62d00000-62dfe000 rw-p 00000000 00:00 0 
62dfe000-62e00000 ---p 00000000 00:00 0 
62e00000-62f00000 rw-p 00000000 00:00 0 
62f00000-63000000 rw-p 00000000 00:00 0 
63000000-630fa000 rw-p 00000000 00:00 0 
630fa000-63100000 ---p 00000000 00:00 0 
6310d000-63110000 ---p 00000000 00:00 0 
63110000-6315e000 rw-p 00000000 00:00 0          [stack:9049]
6315e000-63161000 ---p 00000000 00:00 0 
63161000-631af000 rw-p 00000000 00:00 0          [stack:9048]
631af000-631b2000 ---p 00000000 00:00 0 
631b2000-63200000 rw-p 00000000 00:00 0          [stack:9047]
63200000-632fb000 rw-p 00000000 00:00 0 
632fb000-63300000 ---p 00000000 00:00 0 
63309000-6330c000 ---p 00000000 00:00 0 
6330c000-6335a000 rw-p 00000000 00:00 0          [stack:9046]
6335a000-6335d000 ---p 00000000 00:00 0 
6335d000-633ab000 rw-p 00000000 00:00 0          [stack:9045]
633ab000-633ac000 ---p 00000000 00:00 0 
633ac000-6342c000 rw-p 00000000 00:00 0          [stack:9039]
6342c000-6342f000 ---p 00000000 00:00 0 
6342f000-6347d000 rw-p 00000000 00:00 0          [stack:9038]
6347d000-63480000 ---p 00000000 00:00 0 
63480000-634fe000 rw-p 00000000 00:00 0          [stack:9037]
634fe000-63501000 ---p 00000000 00:00 0 
63501000-6357f000 rw-p 00000000 00:00 0          [stack:9036]
6357f000-63582000 ---p 00000000 00:00 0 
63582000-63600000 rw-p 00000000 00:00 0          [stack:9035]
63600000-63800000 r--p 00000000 08:05 4910648    /usr/lib/locale/locale-archive
63800000-638f4000 rw-p 00000000 00:00 0 
638f4000-63900000 ---p 00000000 00:00 0 
63900000-639d6000 rw-p 00000000 00:00 0 
639d6000-63a00000 ---p 00000000 00:00 0 
63a00000-63afe000 rw-p 00000000 00:00 0 
63afe000-63b00000 ---p 00000000 00:00 0 
63b09000-63b0c000 ---p 00000000 00:00 0 
63b0c000-63b5a000 rw-p 00000000 00:00 0          [stack:9034]
63b5a000-63b5b000 ---p 00000000 00:00 0 
63b5b000-63bdb000 rw-p 00000000 00:00 0          [stack:9031]
63bdb000-63db4000 r--s 03d20000 08:05 5506184    /usr/lib/jvm/java-8-oracle/jre/lib/rt.jar
63db4000-641ba000 rw-p 00000000 00:00 0 
641ba000-64200000 ---p 00000000 00:00 0 
64200000-66600000 rw-p 00000000 00:00 0 
66600000-666fe000 rw-p 00000000 00:00 0 
666fe000-66700000 ---p 00000000 00:00 0 
6673e000-6677f000 r--p 00858000 08:05 4910648    /usr/lib/locale/locale-archive
6677f000-66780000 ---p 00000000 00:00 0 
66780000-66800000 rw-p 00000000 00:00 0          [stack:9030]
66800000-668fe000 rw-p 00000000 00:00 0 
668fe000-66900000 ---p 00000000 00:00 0 
6692e000-66931000 ---p 00000000 00:00 0 
66931000-6697f000 rw-p 00000000 00:00 0          [stack:9033]
6697f000-66980000 ---p 00000000 00:00 0 
66980000-66a00000 rw-p 00000000 00:00 0          [stack:9029]
66a00000-66a21000 rw-p 00000000 00:00 0 
66a21000-66b00000 ---p 00000000 00:00 0 
66b2e000-66b31000 ---p 00000000 00:00 0 
66b31000-66b7f000 rw-p 00000000 00:00 0          [stack:9032]
66b7f000-66b80000 ---p 00000000 00:00 0 
66b80000-66c00000 rw-p 00000000 00:00 0          [stack:9028]
66c00000-66c21000 rw-p 00000000 00:00 0 
66c21000-66d00000 ---p 00000000 00:00 0 
66d12000-66d23000 r--s 000bf000 08:05 2614926    /home/hamid/AndroidStudioProjects/TheFusion/app/build/intermediates/exploded-aar/com.google.android.gms/play-services-ads/9.0.0/jars/classes.jar
66d23000-66d7e000 rw-p 00000000 00:00 0 
66d7e000-66d7f000 ---p 00000000 00:00 0 
66d7f000-66e64000 rw-p 00000000 00:00 0          [stack:9026]
66e64000-66f54000 ---p 00000000 00:00 0 
66f54000-66fec000 rw-p 00000000 00:00 0 
66fec000-66fff000 ---p 00000000 00:00 0 
66fff000-73940000 rw-p 00000000 00:00 0 
73940000-91ac0000 ---p 00000000 00:00 0 
91ac0000-a49c0000 rw-p 00000000 00:00 0 
a6e67000-a70ce000 rw-p 00000000 00:00 0 
a70ce000-a71bf000 ---p 00000000 00:00 0 
a71bf000-a71d2000 rw-p 00000000 00:00 0 
a71d2000-a757f000 ---p 00000000 00:00 0 
a757f000-a7a07000 rwxp 00000000 00:00 0 
a7a07000-b657f000 ---p 00000000 00:00 0 
b657f000-b6598000 r-xp 00000000 08:05 5506137    /usr/lib/jvm/java-8-oracle/jre/lib/i386/libzip.so
b6598000-b6599000 rw-p 00019000 08:05 5506137    /usr/lib/jvm/java-8-oracle/jre/lib/i386/libzip.so
b6599000-b65a5000 r-xp 00000000 08:05 5555388    /lib/i386-linux-gnu/libnss_files-2.21.so
b65a5000-b65a6000 r--p 0000b000 08:05 5555388    /lib/i386-linux-gnu/libnss_files-2.21.so
b65a6000-b65a7000 rw-p 0000c000 08:05 5555388    /lib/i386-linux-gnu/libnss_files-2.21.so
b65a7000-b65be000 r-xp 00000000 08:05 5555382    /lib/i386-linux-gnu/libnsl-2.21.so
b65be000-b65bf000 r--p 00016000 08:05 5555382    /lib/i386-linux-gnu/libnsl-2.21.so
b65bf000-b65c0000 rw-p 00017000 08:05 5555382    /lib/i386-linux-gnu/libnsl-2.21.so
b65c0000-b65c2000 rw-p 00000000 00:00 0 
b65c3000-b65c4000 rw-p 00000000 00:00 0 
b65c4000-b65d3000 r--s 000df000 08:05 1909668    /home/hamid/Android/Sdk/build-tools/23.0.2/lib/dx.jar
b65d3000-b65db000 rw-s 00000000 08:05 3588386    /tmp/hsperfdata_hamid/9022
b65db000-b65ff000 r-xp 00000000 08:05 5506132    /usr/lib/jvm/java-8-oracle/jre/lib/i386/libjava.so
b65ff000-b6600000 rw-p 00023000 08:05 5506132    /usr/lib/jvm/java-8-oracle/jre/lib/i386/libjava.so
b6600000-b66fb000 rw-p 00000000 00:00 0 
b66fb000-b6700000 ---p 00000000 00:00 0 
b6700000-b6701000 rw-p 00000000 00:00 0 
b6701000-b670c000 r-xp 00000000 08:05 5555398    /lib/i386-linux-gnu/libnss_nis-2.21.so
b670c000-b670d000 r--p 0000a000 08:05 5555398    /lib/i386-linux-gnu/libnss_nis-2.21.so
b670d000-b670e000 rw-p 0000b000 08:05 5555398    /lib/i386-linux-gnu/libnss_nis-2.21.so
b670e000-b6715000 r-xp 00000000 08:05 5555443    /lib/i386-linux-gnu/librt-2.21.so
b6715000-b6716000 r--p 00006000 08:05 5555443    /lib/i386-linux-gnu/librt-2.21.so
b6716000-b6717000 rw-p 00007000 08:05 5555443    /lib/i386-linux-gnu/librt-2.21.so
b6717000-b671a000 ---p 00000000 00:00 0 
b671a000-b6768000 rw-p 00000000 00:00 0          [stack:9024]
b6768000-b67b3000 r-xp 00000000 08:05 5555361    /lib/i386-linux-gnu/libm-2.21.so
b67b3000-b67b4000 r--p 0004a000 08:05 5555361    /lib/i386-linux-gnu/libm-2.21.so
b67b4000-b67b5000 rw-p 0004b000 08:05 5555361    /lib/i386-linux-gnu/libm-2.21.so
b67b5000-b7135000 r-xp 00000000 08:05 5506117    /usr/lib/jvm/java-8-oracle/jre/lib/i386/server/libjvm.so
b7135000-b71a2000 rw-p 00980000 08:05 5506117    /usr/lib/jvm/java-8-oracle/jre/lib/i386/server/libjvm.so
b71a2000-b75c8000 rw-p 00000000 00:00 0 
b75c8000-b777c000 r-xp 00000000 08:05 5555302    /lib/i386-linux-gnu/libc-2.21.so
b777c000-b777f000 r--p 001b3000 08:05 5555302    /lib/i386-linux-gnu/libc-2.21.so
b777f000-b7781000 rw-p 001b6000 08:05 5555302    /lib/i386-linux-gnu/libc-2.21.so
b7781000-b7783000 rw-p 00000000 00:00 0 
b7783000-b7786000 r-xp 00000000 08:05 5555319    /lib/i386-linux-gnu/libdl-2.21.so
b7786000-b7787000 r--p 00002000 08:05 5555319    /lib/i386-linux-gnu/libdl-2.21.so
b7787000-b7788000 rw-p 00003000 08:05 5555319    /lib/i386-linux-gnu/libdl-2.21.so
b7788000-b7789000 rw-p 00000000 00:00 0 
b7789000-b779d000 r-xp 00000000 08:05 5498673    /usr/lib/jvm/java-8-oracle/lib/i386/jli/libjli.so
b779d000-b779e000 rw-p 00014000 08:05 5498673    /usr/lib/jvm/java-8-oracle/lib/i386/jli/libjli.so
b779e000-b77b7000 r-xp 00000000 08:05 5555435    /lib/i386-linux-gnu/libpthread-2.21.so
b77b7000-b77b8000 r--p 00018000 08:05 5555435    /lib/i386-linux-gnu/libpthread-2.21.so
b77b8000-b77b9000 rw-p 00019000 08:05 5555435    /lib/i386-linux-gnu/libpthread-2.21.so
b77b9000-b77bb000 rw-p 00000000 00:00 0 
b77bb000-b77bc000 r--p 005e0000 08:05 4910648    /usr/lib/locale/locale-archive
b77bc000-b77c4000 r-xp 00000000 08:05 5555384    /lib/i386-linux-gnu/libnss_compat-2.21.so
b77c4000-b77c5000 r--p 00007000 08:05 5555384    /lib/i386-linux-gnu/libnss_compat-2.21.so
b77c5000-b77c6000 rw-p 00008000 08:05 5555384    /lib/i386-linux-gnu/libnss_compat-2.21.so
b77c6000-b77c7000 rw-p 00000000 00:00 0 
b77c7000-b77c8000 ---p 00000000 00:00 0 
b77c8000-b77d3000 r-xp 00000000 08:05 5506083    /usr/lib/jvm/java-8-oracle/jre/lib/i386/libverify.so
b77d3000-b77d4000 rw-p 0000b000 08:05 5506083    /usr/lib/jvm/java-8-oracle/jre/lib/i386/libverify.so
b77d4000-b77d6000 rw-p 00000000 00:00 0 
b77d6000-b77d8000 r--p 00000000 00:00 0          [vvar]
b77d8000-b77d9000 r-xp 00000000 00:00 0          [vdso]
b77d9000-b77fb000 r-xp 00000000 08:05 5555274    /lib/i386-linux-gnu/ld-2.21.so
b77fb000-b77fc000 r--p 00021000 08:05 5555274    /lib/i386-linux-gnu/ld-2.21.so
b77fc000-b77fd000 rw-p 00022000 08:05 5555274    /lib/i386-linux-gnu/ld-2.21.so
bfc77000-bfc78000 rwxp 00000000 00:00 0 
bfcaa000-bfccb000 rw-p 00000000 00:00 0          [stack]

VM Arguments:
jvm_args: -Djava.awt.headless=true -Xmx1024M -Dfile.encoding=UTF-8 -Duser.country=US -Duser.language=en -Duser.variant 
java_command: com.android.dx.command.Main --dex --num-threads=4 --output /home/hamid/AndroidStudioProjects/TheFusion/app/build/intermediates/pre-dexed/release/com.google.android.gms-play-services-ads-9.0.0_cf97595614d9e5e6301c8c978acfd96a303ec6be.jar /home/hamid/AndroidStudioProjects/TheFusion/app/build/intermediates/exploded-aar/com.google.android.gms/play-services-ads/9.0.0/jars/classes.jar
java_class_path (initial): /home/hamid/Android/Sdk/build-tools/23.0.2/lib/dx.jar
Launcher Type: SUN_STANDARD

Environment Variables:
PATH=/usr/local/sbin:/usr/local/bin:/usr/sbin:/usr/bin:/sbin:/bin:/usr/games:/usr/local/games:/home/hamid/Android/Sdk/platform-tools
SHELL=/bin/bash
DISPLAY=:0

Signal Handlers:
SIGSEGV: [libjvm.so+0x8cdc10], sa_mask[0]=11111111011111111101111111111110, sa_flags=SA_RESTART|SA_SIGINFO
SIGBUS: [libjvm.so+0x8cdc10], sa_mask[0]=11111111011111111101111111111110, sa_flags=SA_RESTART|SA_SIGINFO
SIGFPE: [libjvm.so+0x74dbb0], sa_mask[0]=11111111011111111101111111111110, sa_flags=SA_RESTART|SA_SIGINFO
SIGPIPE: [libjvm.so+0x74dbb0], sa_mask[0]=11111111011111111101111111111110, sa_flags=SA_RESTART|SA_SIGINFO
SIGXFSZ: [libjvm.so+0x74dbb0], sa_mask[0]=11111111011111111101111111111110, sa_flags=SA_RESTART|SA_SIGINFO
SIGILL: [libjvm.so+0x74dbb0], sa_mask[0]=11111111011111111101111111111110, sa_flags=SA_RESTART|SA_SIGINFO
SIGUSR1: SIG_DFL, sa_mask[0]=00000000000000000000000000000000, sa_flags=none
SIGUSR2: [libjvm.so+0x74f230], sa_mask[0]=00100000000000000000000000000000, sa_flags=SA_RESTART|SA_SIGINFO
SIGHUP: [libjvm.so+0x7506e0], sa_mask[0]=11111111011111111101111111111110, sa_flags=SA_RESTART|SA_SIGINFO
SIGINT: [libjvm.so+0x7506e0], sa_mask[0]=11111111011111111101111111111110, sa_flags=SA_RESTART|SA_SIGINFO
SIGTERM: [libjvm.so+0x7506e0], sa_mask[0]=11111111011111111101111111111110, sa_flags=SA_RESTART|SA_SIGINFO
SIGQUIT: [libjvm.so+0x7506e0], sa_mask[0]=11111111011111111101111111111110, sa_flags=SA_RESTART|SA_SIGINFO


---------------  S Y S T E M  ---------------

OS:DISTRIB_ID=Ubuntu
DISTRIB_RELEASE=15.04
DISTRIB_CODENAME=vivid
DISTRIB_DESCRIPTION="Ubuntu 15.04"

uname:Linux 3.19.0-42-generic #48-Ubuntu SMP Thu Dec 17 22:55:02 UTC 2015 i686
libc:glibc 2.21 NPTL 2.21 
rlimit: STACK 8192k, CORE 0k, NPROC 31311, NOFILE 65536, AS infinity
load average:14.93 5.02 2.38

/proc/meminfo:
MemTotal:        4028792 kB
MemFree:          227976 kB
MemAvailable:     159900 kB
Buffers:            1208 kB
Cached:           410676 kB
SwapCached:            0 kB
Active:          3314064 kB
Inactive:         372904 kB
Active(anon):    3300788 kB
Inactive(anon):   358784 kB
Active(file):      13276 kB
Inactive(file):    14120 kB
Unevictable:          68 kB
Mlocked:              68 kB
HighTotal:       3175176 kB
HighFree:          40948 kB
LowTotal:         853616 kB
LowFree:          187028 kB
SwapTotal:             0 kB
SwapFree:              0 kB
Dirty:               152 kB
Writeback:             0 kB
AnonPages:       3275484 kB
Mapped:           156580 kB
Shmem:            384168 kB
Slab:              46420 kB
SReclaimable:      22508 kB
SUnreclaim:        23912 kB
KernelStack:        5496 kB
PageTables:        19252 kB
NFS_Unstable:          0 kB
Bounce:              308 kB
WritebackTmp:          0 kB
CommitLimit:     2014396 kB
Committed_AS:    7745340 kB
VmallocTotal:     122880 kB
VmallocUsed:       18492 kB
VmallocChunk:      80160 kB
AnonHugePages:   1419264 kB
CmaTotal:              0 kB
CmaFree:               0 kB
HugePages_Total:       0
HugePages_Free:        0
HugePages_Rsvd:        0
HugePages_Surp:        0
Hugepagesize:       2048 kB
DirectMap4k:       55288 kB
DirectMap2M:      858112 kB


CPU:total 4 (2 cores per cpu, 2 threads per core) family 6 model 69 stepping 1, cmov, cx8, fxsr, mmx, sse, sse2, sse3, ssse3, sse4.1, sse4.2, popcnt, avx, avx2, aes, clmul, erms, lzcnt, ht, tsc, tscinvbit, bmi1, bmi2

/proc/cpuinfo:
processor	: 0
vendor_id	: GenuineIntel
cpu family	: 6
model		: 69
model name	: Intel(R) Core(TM) i3-4030U CPU @ 1.90GHz
stepping	: 1
microcode	: 0x17
cpu MHz		: 1896.957
cache size	: 3072 KB
physical id	: 0
siblings	: 4
core id		: 0
cpu cores	: 2
apicid		: 0
initial apicid	: 0
fdiv_bug	: no
f00f_bug	: no
coma_bug	: no
fpu		: yes
fpu_exception	: yes
cpuid level	: 13
wp		: yes
flags		: fpu vme de pse tsc msr pae mce cx8 apic sep mtrr pge mca cmov pat pse36 clflush dts acpi mmx fxsr sse sse2 ss ht tm pbe nx pdpe1gb rdtscp lm constant_tsc arch_perfmon pebs bts xtopology nonstop_tsc aperfmperf eagerfpu pni pclmulqdq dtes64 monitor ds_cpl vmx est tm2 ssse3 fma cx16 xtpr pdcm pcid sse4_1 sse4_2 x2apic movbe popcnt tsc_deadline_timer aes xsave avx f16c rdrand lahf_lm abm arat epb pln pts dtherm tpr_shadow vnmi flexpriority ept vpid fsgsbase tsc_adjust bmi1 avx2 smep bmi2 erms invpcid xsaveopt
bugs		:
bogomips	: 3790.94
clflush size	: 64
cache_alignment	: 64
address sizes	: 39 bits physical, 48 bits virtual
power management:

processor	: 1
vendor_id	: GenuineIntel
cpu family	: 6
model		: 69
model name	: Intel(R) Core(TM) i3-4030U CPU @ 1.90GHz
stepping	: 1
microcode	: 0x17
cpu MHz		: 1899.035
cache size	: 3072 KB
physical id	: 0
siblings	: 4
core id		: 0
cpu cores	: 2
apicid		: 1
initial apicid	: 1
fdiv_bug	: no
f00f_bug	: no
coma_bug	: no
fpu		: yes
fpu_exception	: yes
cpuid level	: 13
wp		: yes
flags		: fpu vme de pse tsc msr pae mce cx8 apic sep mtrr pge mca cmov pat pse36 clflush dts acpi mmx fxsr sse sse2 ss ht tm pbe nx pdpe1gb rdtscp lm constant_tsc arch_perfmon pebs bts xtopology nonstop_tsc aperfmperf eagerfpu pni pclmulqdq dtes64 monitor ds_cpl vmx est tm2 ssse3 fma cx16 xtpr pdcm pcid sse4_1 sse4_2 x2apic movbe popcnt tsc_deadline_timer aes xsave avx f16c rdrand lahf_lm abm arat epb pln pts dtherm tpr_shadow vnmi flexpriority ept vpid fsgsbase tsc_adjust bmi1 avx2 smep bmi2 erms invpcid xsaveopt
bugs		:
bogomips	: 3790.94
clflush size	: 64
cache_alignment	: 64
address sizes	: 39 bits physical, 48 bits virtual
power management:

processor	: 2
vendor_id	: GenuineIntel
cpu family	: 6
model		: 69
model name	: Intel(R) Core(TM) i3-4030U CPU @ 1.90GHz
stepping	: 1
microcode	: 0x17
cpu MHz		: 1732.710
cache size	: 3072 KB
physical id	: 0
siblings	: 4
core id		: 1
cpu cores	: 2
apicid		: 2
initial apicid	: 2
fdiv_bug	: no
f00f_bug	: no
coma_bug	: no
fpu		: yes
fpu_exception	: yes
cpuid level	: 13
wp		: yes
flags		: fpu vme de pse tsc msr pae mce cx8 apic sep mtrr pge mca cmov pat pse36 clflush dts acpi mmx fxsr sse sse2 ss ht tm pbe nx pdpe1gb rdtscp lm constant_tsc arch_perfmon pebs bts xtopology nonstop_tsc aperfmperf eagerfpu pni pclmulqdq dtes64 monitor ds_cpl vmx est tm2 ssse3 fma cx16 xtpr pdcm pcid sse4_1 sse4_2 x2apic movbe popcnt tsc_deadline_timer aes xsave avx f16c rdrand lahf_lm abm arat epb pln pts dtherm tpr_shadow vnmi flexpriority ept vpid fsgsbase tsc_adjust bmi1 avx2 smep bmi2 erms invpcid xsaveopt
bugs		:
bogomips	: 3790.94
clflush size	: 64
cache_alignment	: 64
address sizes	: 39 bits physical, 48 bits virtual
power management:

processor	: 3
vendor_id	: GenuineIntel
cpu family	: 6
model		: 69
model name	: Intel(R) Core(TM) i3-4030U CPU @ 1.90GHz
stepping	: 1
microcode	: 0x17
cpu MHz		: 1890.351
cache size	: 3072 KB
physical id	: 0
siblings	: 4
core id		: 1
cpu cores	: 2
apicid		: 3
initial apicid	: 3
fdiv_bug	: no
f00f_bug	: no
coma_bug	: no
fpu		: yes
fpu_exception	: yes
cpuid level	: 13
wp		: yes
flags		: fpu vme de pse tsc msr pae mce cx8 apic sep mtrr pge mca cmov pat pse36 clflush dts acpi mmx fxsr sse sse2 ss ht tm pbe nx pdpe1gb rdtscp lm constant_tsc arch_perfmon pebs bts xtopology nonstop_tsc aperfmperf eagerfpu pni pclmulqdq dtes64 monitor ds_cpl vmx est tm2 ssse3 fma cx16 xtpr pdcm pcid sse4_1 sse4_2 x2apic movbe popcnt tsc_deadline_timer aes xsave avx f16c rdrand lahf_lm abm arat epb pln pts dtherm tpr_shadow vnmi flexpriority ept vpid fsgsbase tsc_adjust bmi1 avx2 smep bmi2 erms invpcid xsaveopt
bugs		:
bogomips	: 3790.94
clflush size	: 64
cache_alignment	: 64
address sizes	: 39 bits physical, 48 bits virtual
power management:



Memory: 4k page, physical 4028792k(227976k free), swap 0k(0k free)

vm_info: Java HotSpot(TM) Server VM (25.66-b17) for linux-x86 JRE (1.8.0_66-b17), built on Oct  6 2015 18:06:03 by "java_re" with gcc 4.3.0 20080428 (Red Hat 4.3.0-8)

time: Fri Jun 10 15:46:23 2016
elapsed time: 28 seconds (0d 0h 0m 28s)

