#
# There is insufficient memory for the Java Runtime Environment to continue.
# Native memory allocation (mmap) failed to map 146276352 bytes for committing reserved memory.
# Possible reasons:
#   The system is out of physical RAM or swap space
#   In 32 bit mode, the process size limit was hit
# Possible solutions:
#   Reduce memory load on the system
#   Increase physical memory or swap space
#   Check if swap backing store is full
#   Use 64 bit Java on a 64 bit OS
#   Decrease Java heap size (-Xmx/-Xms)
#   Decrease number of Java threads
#   Decrease Java thread stack sizes (-Xss)
#   Set larger code cache with -XX:ReservedCodeCacheSize=
# This output file may be truncated or incomplete.
#
#  Out of Memory Error (os_linux.cpp:2627), pid=9076, tid=1674099520
#
# JRE version: Java(TM) SE Runtime Environment (8.0_66-b17) (build 1.8.0_66-b17)
# Java VM: Java HotSpot(TM) Server VM (25.66-b17 mixed mode linux-x86 )
# Failed to write core dump. Core dumps have been disabled. To enable core dumping, try "ulimit -c unlimited" before starting Java again
#

---------------  T H R E A D  ---------------

Current thread (0x63b81800):  VMThread [stack: 0x63c0b000,0x63c8c000] [id=9085]

Stack: [0x63c0b000,0x63c8c000],  sp=0x63c8aa30,  free space=510k
Native frames: (J=compiled Java code, j=interpreted, Vv=VM code, C=native code)
V  [libjvm.so+0x8cd0ff]  VMError::report_and_die()+0x16f
V  [libjvm.so+0x38bee5]  report_vm_out_of_memory(char const*, int, unsigned int, VMErrorType, char const*)+0x55
V  [libjvm.so+0x750ed6]  os::Linux::commit_memory_impl(char*, unsigned int, bool)+0xe6
V  [libjvm.so+0x7513a8]  os::pd_commit_memory(char*, unsigned int, unsigned int, bool)+0x28
V  [libjvm.so+0x74b2cc]  os::commit_memory(char*, unsigned int, unsigned int, bool)+0x2c
V  [libjvm.so+0x7b58a8]  PSVirtualSpace::expand_by(unsigned int)+0x48
V  [libjvm.so+0x7b69aa]  PSYoungGen::resize_generation(unsigned int, unsigned int)+0xda
V  [libjvm.so+0x7b5cd9]  PSYoungGen::resize(unsigned int, unsigned int)+0x19
V  [libjvm.so+0x7b3605]  PSScavenge::invoke_no_policy()+0xd15
V  [libjvm.so+0x7b3dc8]  PSScavenge::invoke()+0x28
V  [libjvm.so+0x7728ba]  ParallelScavengeHeap::failed_mem_allocate(unsigned int)+0x5a
V  [libjvm.so+0x8cebca]  VM_ParallelGCFailedAllocation::doit()+0x7a
V  [libjvm.so+0x8d81d7]  VM_Operation::evaluate()+0x47
V  [libjvm.so+0x8d62b3]  VMThread::evaluate_operation(VM_Operation*)+0xb3
V  [libjvm.so+0x8d6650]  VMThread::loop()+0x1b0
V  [libjvm.so+0x8d6ab5]  VMThread::run()+0x85
V  [libjvm.so+0x753519]  java_start(Thread*)+0x119
C  [libpthread.so.0+0x61aa]  start_thread+0xda

VM_Operation (0x631ad684): ParallelGCFailedAllocation, mode: safepoint, requested by thread 0x6322b400


---------------  P R O C E S S  ---------------

Java Threads: ( => current thread )
  0x63230800 JavaThread "pool-1-thread-4" [_thread_blocked, id=9098, stack(0x62faf000,0x63000000)]
  0x6322c800 JavaThread "pool-1-thread-3" [_thread_blocked, id=9097, stack(0x6310d000,0x6315e000)]
  0x6322b400 JavaThread "pool-1-thread-2" [_thread_blocked, id=9096, stack(0x6315e000,0x631af000)]
  0x6321d400 JavaThread "pool-2-thread-1" [_thread_blocked, id=9095, stack(0x631af000,0x63200000)]
  0x63218c00 JavaThread "pool-1-thread-1" [_thread_blocked, id=9094, stack(0x63309000,0x6335a000)]
  0x63bab800 JavaThread "Service Thread" daemon [_thread_blocked, id=9092, stack(0x633db000,0x6342c000)]
  0x63ba8400 JavaThread "C1 CompilerThread2" daemon [_thread_blocked, id=9091, stack(0x6342c000,0x634ad000)]
  0x63ba7000 JavaThread "C2 CompilerThread1" daemon [_thread_blocked, id=9090, stack(0x634ad000,0x6352e000)]
  0x63ba5000 JavaThread "C2 CompilerThread0" daemon [_thread_blocked, id=9089, stack(0x6352e000,0x635af000)]
  0x63ba3800 JavaThread "Signal Dispatcher" daemon [_thread_blocked, id=9088, stack(0x635af000,0x63600000)]
  0x63b86000 JavaThread "Finalizer" daemon [_thread_blocked, id=9087, stack(0x63a5e000,0x63aaf000)]
  0x63b84800 JavaThread "Reference Handler" daemon [_thread_blocked, id=9086, stack(0x63aaf000,0x63b00000)]
  0xb6507800 JavaThread "main" [_thread_blocked, id=9078, stack(0xb6680000,0xb66d1000)]

Other Threads:
=>0x63b81800 VMThread [stack: 0x63c0b000,0x63c8c000] [id=9085]
  0x63bb6800 WatcherThread [stack: 0x6335a000,0x633db000] [id=9093]

VM state:at safepoint (normal execution)

VM Mutex/Monitor currently owned by a thread:  ([mutex/lock_event])
[0xb6504ec0] Threads_lock - owner thread: 0x63b81800
[0xb65052d0] Heap_lock - owner thread: 0x6322b400

Heap:
 PSYoungGen      total 142336K, used 17654K [0x91ac0000, 0x9b940000, 0xa7000000)
  eden space 124672K, 0% used [0x91ac0000,0x91ac0000,0x99480000)
  from space 17664K, 99% used [0x99480000,0x9a5bdab0,0x9a5c0000)
  to   space 15360K, 0% used [0x9a5c0000,0x9a5c0000,0x9b4c0000)
 ParOldGen       total 42496K, used 37850K [0x67000000, 0x69980000, 0x91ac0000)
  object space 42496K, 89% used [0x67000000,0x694f6998,0x69980000)
 Metaspace       used 4145K, capacity 4166K, committed 4248K, reserved 4400K

Card table byte_map: [0x66dff000,0x67000000] byte_map_base: 0x66ac7000

Marking Bits: (ParMarkBitMap*) 0xb711c380
 Begin Bits: [0x64700000, 0x65700000)
 End Bits:   [0x65700000, 0x66700000)

Polling page: 0xb7730000

CodeCache: size=245760Kb used=5566Kb max_used=5566Kb free=240193Kb
 bounds [0xa74e6000, 0xa7a5e000, 0xb64e6000]
 total_blobs=2046 nmethods=1885 adapters=75
 compilation: enabled

Compilation events (10 events):
Event: 9.820 Thread 0x63ba8400 2193       1       com.android.dx.rop.cst.CstFloat::getType (4 bytes)
Event: 9.821 Thread 0x63ba8400 nmethod 2193 0xa7a55608 code [0xa7a55700, 0xa7a557a0]
Event: 9.821 Thread 0x63ba8400 2194       2       java.util.ArrayList$SubList::get (23 bytes)
Event: 9.821 Thread 0x63ba8400 nmethod 2194 0xa7a55808 code [0xa7a55960, 0xa7a55b84]
Event: 9.821 Thread 0x63ba8400 2195       2       java.util.ArrayList$SubList::rangeCheck (26 bytes)
Event: 9.822 Thread 0x63ba8400 nmethod 2195 0xa7a55dc8 code [0xa7a55f60, 0xa7a562a8]
Event: 9.822 Thread 0x63ba8400 2196  s    2       java.io.ByteArrayOutputStream::write (66 bytes)
Event: 9.823 Thread 0x63ba8400 nmethod 2196 0xa7a565c8 code [0xa7a56720, 0xa7a56ac4]
Event: 9.823 Thread 0x63ba8400 2197       2       java.io.ByteArrayOutputStream::ensureCapacity (16 bytes)
Event: 9.823 Thread 0x63ba8400 nmethod 2197 0xa7a56cc8 code [0xa7a56de0, 0xa7a56ecc]

GC Heap History (10 events):
Event: 3.157 GC heap after
Heap after GC invocations=2 (full 0):
 PSYoungGen      total 34304K, used 2559K [0x91ac0000, 0x93ec0000, 0xa7000000)
  eden space 31744K, 0% used [0x91ac0000,0x91ac0000,0x939c0000)
  from space 2560K, 99% used [0x93c40000,0x93ebfde0,0x93ec0000)
  to   space 2560K, 0% used [0x939c0000,0x939c0000,0x93c40000)
 ParOldGen       total 42496K, used 2384K [0x67000000, 0x69980000, 0x91ac0000)
  object space 42496K, 5% used [0x67000000,0x67254110,0x69980000)
 Metaspace       used 3757K, capacity 3814K, committed 3864K, reserved 4400K
}
Event: 4.616 GC heap before
{Heap before GC invocations=3 (full 0):
 PSYoungGen      total 34304K, used 34303K [0x91ac0000, 0x93ec0000, 0xa7000000)
  eden space 31744K, 100% used [0x91ac0000,0x939c0000,0x939c0000)
  from space 2560K, 99% used [0x93c40000,0x93ebfde0,0x93ec0000)
  to   space 2560K, 0% used [0x939c0000,0x939c0000,0x93c40000)
 ParOldGen       total 42496K, used 2384K [0x67000000, 0x69980000, 0x91ac0000)
  object space 42496K, 5% used [0x67000000,0x67254110,0x69980000)
 Metaspace       used 3808K, capacity 3846K, committed 3864K, reserved 4400K
Event: 4.674 GC heap after
Heap after GC invocations=3 (full 0):
 PSYoungGen      total 34304K, used 2554K [0x91ac0000, 0x95dc0000, 0xa7000000)
  eden space 31744K, 0% used [0x91ac0000,0x91ac0000,0x939c0000)
  from space 2560K, 99% used [0x939c0000,0x93c3eae0,0x93c40000)
  to   space 2560K, 0% used [0x95b40000,0x95b40000,0x95dc0000)
 ParOldGen       total 42496K, used 7763K [0x67000000, 0x69980000, 0x91ac0000)
  object space 42496K, 18% used [0x67000000,0x67794d90,0x69980000)
 Metaspace       used 3808K, capacity 3846K, committed 3864K, reserved 4400K
}
Event: 5.503 GC heap before
{Heap before GC invocations=4 (full 0):
 PSYoungGen      total 34304K, used 34298K [0x91ac0000, 0x95dc0000, 0xa7000000)
  eden space 31744K, 100% used [0x91ac0000,0x939c0000,0x939c0000)
  from space 2560K, 99% used [0x939c0000,0x93c3eae0,0x93c40000)
  to   space 2560K, 0% used [0x95b40000,0x95b40000,0x95dc0000)
 ParOldGen       total 42496K, used 7763K [0x67000000, 0x69980000, 0x91ac0000)
  object space 42496K, 18% used [0x67000000,0x67794d90,0x69980000)
 Metaspace       used 3832K, capacity 3878K, committed 3992K, reserved 4400K
Event: 5.581 GC heap after
Heap after GC invocations=4 (full 0):
 PSYoungGen      total 66048K, used 2554K [0x91ac0000, 0x95dc0000, 0xa7000000)
  eden space 63488K, 0% used [0x91ac0000,0x91ac0000,0x958c0000)
  from space 2560K, 99% used [0x95b40000,0x95dbeae0,0x95dc0000)
  to   space 2560K, 0% used [0x958c0000,0x958c0000,0x95b40000)
 ParOldGen       total 42496K, used 13805K [0x67000000, 0x69980000, 0x91ac0000)
  object space 42496K, 32% used [0x67000000,0x67d7b580,0x69980000)
 Metaspace       used 3832K, capacity 3878K, committed 3992K, reserved 4400K
}
Event: 6.817 GC heap before
{Heap before GC invocations=5 (full 0):
 PSYoungGen      total 66048K, used 66042K [0x91ac0000, 0x95dc0000, 0xa7000000)
  eden space 63488K, 100% used [0x91ac0000,0x958c0000,0x958c0000)
  from space 2560K, 99% used [0x95b40000,0x95dbeae0,0x95dc0000)
  to   space 2560K, 0% used [0x958c0000,0x958c0000,0x95b40000)
 ParOldGen       total 42496K, used 13805K [0x67000000, 0x69980000, 0x91ac0000)
  object space 42496K, 32% used [0x67000000,0x67d7b580,0x69980000)
 Metaspace       used 3920K, capacity 3942K, committed 3992K, reserved 4400K
Event: 6.950 GC heap after
Heap after GC invocations=5 (full 0):
 PSYoungGen      total 66048K, used 2545K [0x91ac0000, 0x9b4c0000, 0xa7000000)
  eden space 63488K, 0% used [0x91ac0000,0x91ac0000,0x958c0000)
  from space 2560K, 99% used [0x958c0000,0x95b3c458,0x95b40000)
  to   space 15360K, 0% used [0x9a5c0000,0x9a5c0000,0x9b4c0000)
 ParOldGen       total 42496K, used 24119K [0x67000000, 0x69980000, 0x91ac0000)
  object space 42496K, 56% used [0x67000000,0x6878ddd8,0x69980000)
 Metaspace       used 3920K, capacity 3942K, committed 3992K, reserved 4400K
}
Event: 7.839 GC heap before
{Heap before GC invocations=6 (full 0):
 PSYoungGen      total 66048K, used 66033K [0x91ac0000, 0x9b4c0000, 0xa7000000)
  eden space 63488K, 100% used [0x91ac0000,0x958c0000,0x958c0000)
  from space 2560K, 99% used [0x958c0000,0x95b3c458,0x95b40000)
  to   space 15360K, 0% used [0x9a5c0000,0x9a5c0000,0x9b4c0000)
 ParOldGen       total 42496K, used 24119K [0x67000000, 0x69980000, 0x91ac0000)
  object space 42496K, 56% used [0x67000000,0x6878ddd8,0x69980000)
 Metaspace       used 3939K, capacity 3974K, committed 3992K, reserved 4400K
Event: 8.031 GC heap after
Heap after GC invocations=6 (full 0):
 PSYoungGen      total 140032K, used 13263K [0x91ac0000, 0x9b940000, 0xa7000000)
  eden space 124672K, 0% used [0x91ac0000,0x91ac0000,0x99480000)
  from space 15360K, 86% used [0x9a5c0000,0x9b2b3d80,0x9b4c0000)
  to   space 17664K, 0% used [0x99480000,0x99480000,0x9a5c0000)
 ParOldGen       total 42496K, used 24119K [0x67000000, 0x69980000, 0x91ac0000)
  object space 42496K, 56% used [0x67000000,0x6878ddd8,0x69980000)
 Metaspace       used 3939K, capacity 3974K, committed 3992K, reserved 4400K
}
Event: 9.854 GC heap before
{Heap before GC invocations=7 (full 0):
 PSYoungGen      total 140032K, used 137935K [0x91ac0000, 0x9b940000, 0xa7000000)
  eden space 124672K, 100% used [0x91ac0000,0x99480000,0x99480000)
  from space 15360K, 86% used [0x9a5c0000,0x9b2b3d80,0x9b4c0000)
  to   space 17664K, 0% used [0x99480000,0x99480000,0x9a5c0000)
 ParOldGen       total 42496K, used 24119K [0x67000000, 0x69980000, 0x91ac0000)
  object space 42496K, 56% used [0x67000000,0x6878ddd8,0x69980000)
 Metaspace       used 4145K, capacity 4166K, committed 4248K, reserved 4400K

Deoptimization events (10 events):
Event: 4.878 Thread 0x63218c00 Uncommon trap: reason=bimorphic action=maybe_recompile pc=0xa765cb04 method=java.util.HashMap.getNode(ILjava/lang/Object;)Ljava/util/HashMap$Node; @ 126
Event: 4.878 Thread 0x63218c00 Uncommon trap: reason=bimorphic action=maybe_recompile pc=0xa765cb04 method=java.util.HashMap.getNode(ILjava/lang/Object;)Ljava/util/HashMap$Node; @ 126
Event: 4.878 Thread 0x63218c00 Uncommon trap: reason=bimorphic action=maybe_recompile pc=0xa765cb04 method=java.util.HashMap.getNode(ILjava/lang/Object;)Ljava/util/HashMap$Node; @ 126
Event: 4.878 Thread 0x63218c00 Uncommon trap: reason=bimorphic action=maybe_recompile pc=0xa765cb04 method=java.util.HashMap.getNode(ILjava/lang/Object;)Ljava/util/HashMap$Node; @ 126
Event: 4.879 Thread 0x63218c00 Uncommon trap: reason=bimorphic action=maybe_recompile pc=0xa7672ac0 method=java.util.HashMap.getNode(ILjava/lang/Object;)Ljava/util/HashMap$Node; @ 126
Event: 4.978 Thread 0x6322c800 Uncommon trap: reason=null_check action=make_not_entrant pc=0xa76b2838 method=com.android.dx.ssa.SsaRenamer.getLocalForNewReg(I)Lcom/android/dx/rop/code/LocalItem; @ 19
Event: 6.181 Thread 0xb6507800 Uncommon trap: reason=unstable_if action=reinterpret pc=0xa7804d54 method=com.android.dx.ssa.SsaRenamer$BlockRenamer.visitMoveInsn(Lcom/android/dx/ssa/NormalSsaInsn;)V @ 104
Event: 8.689 Thread 0x6322b400 Uncommon trap: reason=unstable_if action=reinterpret pc=0xa77124f0 method=java.util.HashMap.putVal(ILjava/lang/Object;Ljava/lang/Object;ZZ)Ljava/lang/Object; @ 162
Event: 8.760 Thread 0x6322b400 Uncommon trap: reason=unstable_if action=reinterpret pc=0xa777a790 method=java.util.HashMap.getNode(ILjava/lang/Object;)Ljava/util/HashMap$Node; @ 84
Event: 9.414 Thread 0x63218c00 Uncommon trap: reason=unstable_if action=reinterpret pc=0xa7925c1c method=java.util.HashMap.putVal(ILjava/lang/Object;Ljava/lang/Object;ZZ)Ljava/lang/Object; @ 109

Internal exceptions (7 events):
Event: 0.132 Thread 0xb6507800 Exception <a 'java/lang/NoSuchMethodError': Method sun.misc.Unsafe.defineClass(Ljava/lang/String;[BII)Ljava/lang/Class; name or signature does not match> (0x91ad0540) thrown at [/HUDSON/workspace/8-2-build-linux-i586/jdk8u66/4988/hotspot/src/share/vm/prim
Event: 0.132 Thread 0xb6507800 Exception <a 'java/lang/NoSuchMethodError': Method sun.misc.Unsafe.prefetchRead(Ljava/lang/Object;J)V name or signature does not match> (0x91ad0810) thrown at [/HUDSON/workspace/8-2-build-linux-i586/jdk8u66/4988/hotspot/src/share/vm/prims/jni.cpp, line 39
Event: 4.746 Thread 0x63218c00 Implicit null exception at 0xa76e46d5 to 0xa76e6269
Event: 4.978 Thread 0x6322c800 Implicit null exception at 0xa76b0e18 to 0xa76b2821
Event: 8.743 Thread 0x6322b400 Exception <a 'java/lang/ArrayIndexOutOfBoundsException': 18> (0x93b49d08) thrown at [/HUDSON/workspace/8-2-build-linux-i586/jdk8u66/4988/hotspot/src/share/vm/interpreter/interpreterRuntime.cpp, line 366]
Event: 8.744 Thread 0x6322b400 Exception <a 'java/lang/ArrayIndexOutOfBoundsException': 145> (0x93b4b5a8) thrown at [/HUDSON/workspace/8-2-build-linux-i586/jdk8u66/4988/hotspot/src/share/vm/interpreter/interpreterRuntime.cpp, line 366]
Event: 8.745 Thread 0x6322b400 Exception <a 'java/lang/ArrayIndexOutOfBoundsException'> (0x93b4c688) thrown at [/HUDSON/workspace/8-2-build-linux-i586/jdk8u66/4988/hotspot/src/share/vm/runtime/sharedRuntime.cpp, line 605]

Events (10 events):
Event: 9.672 Thread 0x63218c00 DEOPT UNPACKING pc=0xa7522590 sp=0x6335869c mode 0
Event: 9.672 Thread 0x6322b400 DEOPT PACKING pc=0xa7768eb3 sp=0x631ad7d0
Event: 9.672 Thread 0x6322b400 DEOPT UNPACKING pc=0xa7522590 sp=0x631ad6ac mode 0
Event: 9.756 Thread 0x63218c00 DEOPT PACKING pc=0xa7730d39 sp=0x633587e0
Event: 9.756 Thread 0x63218c00 DEOPT UNPACKING pc=0xa7522590 sp=0x6335869c mode 0
Event: 9.790 Thread 0x6322c800 DEOPT PACKING pc=0xa7768eb3 sp=0x6315c6c0
Event: 9.790 Thread 0x6322c800 DEOPT UNPACKING pc=0xa7522590 sp=0x6315c59c mode 0
Event: 9.820 Thread 0x63218c00 DEOPT PACKING pc=0xa77a286c sp=0x63358790
Event: 9.820 Thread 0x63218c00 DEOPT UNPACKING pc=0xa7522590 sp=0x63358618 mode 0
Event: 9.829 Executing VM operation: ParallelGCFailedAllocation


Dynamic libraries:
08048000-08049000 r-xp 00000000 08:05 5505841    /usr/lib/jvm/java-8-oracle/bin/java
08049000-0804a000 rw-p 00000000 08:05 5505841    /usr/lib/jvm/java-8-oracle/bin/java
0854b000-085e4000 rw-p 00000000 00:00 0          [heap]
61d00000-61e83000 rw-p 00000000 00:00 0 
61e83000-61f00000 ---p 00000000 00:00 0 
61f00000-61ffc000 rw-p 00000000 00:00 0 
61ffc000-62000000 ---p 00000000 00:00 0 
62000000-620ad000 rw-p 00000000 00:00 0 
620ad000-62100000 ---p 00000000 00:00 0 
62100000-621ff000 rw-p 00000000 00:00 0 
621ff000-62200000 ---p 00000000 00:00 0 
62200000-622fc000 rw-p 00000000 00:00 0 
622fc000-62300000 ---p 00000000 00:00 0 
62300000-623c4000 rw-p 00000000 00:00 0 
623c4000-62400000 ---p 00000000 00:00 0 
62400000-624f6000 rw-p 00000000 00:00 0 
624f6000-62500000 ---p 00000000 00:00 0 
62600000-62700000 rw-p 00000000 00:00 0 
62800000-628fc000 rw-p 00000000 00:00 0 
628fc000-62900000 ---p 00000000 00:00 0 
62900000-629f4000 rw-p 00000000 00:00 0 
629f4000-62a00000 ---p 00000000 00:00 0 
62a00000-62b00000 rw-p 00000000 00:00 0 
62c00000-62cfb000 rw-p 00000000 00:00 0 
62cfb000-62d00000 ---p 00000000 00:00 0 
62d00000-62dfa000 rw-p 00000000 00:00 0 
62dfa000-62e00000 ---p 00000000 00:00 0 
62e00000-62ece000 rw-p 00000000 00:00 0 
62ece000-62f00000 ---p 00000000 00:00 0 
62f04000-62faf000 rw-p 00000000 00:00 0 
62faf000-62fb2000 ---p 00000000 00:00 0 
62fb2000-63000000 rw-p 00000000 00:00 0          [stack:9098]
63000000-630fa000 rw-p 00000000 00:00 0 
630fa000-63100000 ---p 00000000 00:00 0 
6310d000-63110000 ---p 00000000 00:00 0 
63110000-6315e000 rw-p 00000000 00:00 0          [stack:9097]
6315e000-63161000 ---p 00000000 00:00 0 
63161000-631af000 rw-p 00000000 00:00 0          [stack:9096]
631af000-631b2000 ---p 00000000 00:00 0 
631b2000-63200000 rw-p 00000000 00:00 0          [stack:9095]
63200000-63290000 rw-p 00000000 00:00 0 
63290000-63300000 ---p 00000000 00:00 0 
63309000-6330c000 ---p 00000000 00:00 0 
6330c000-6335a000 rw-p 00000000 00:00 0          [stack:9094]
6335a000-6335b000 ---p 00000000 00:00 0 
6335b000-633db000 rw-p 00000000 00:00 0          [stack:9093]
633db000-633de000 ---p 00000000 00:00 0 
633de000-6342c000 rw-p 00000000 00:00 0          [stack:9092]
6342c000-6342f000 ---p 00000000 00:00 0 
6342f000-634ad000 rw-p 00000000 00:00 0          [stack:9091]
634ad000-634b0000 ---p 00000000 00:00 0 
634b0000-6352e000 rw-p 00000000 00:00 0          [stack:9090]
6352e000-63531000 ---p 00000000 00:00 0 
63531000-635af000 rw-p 00000000 00:00 0          [stack:9089]
635af000-635b2000 ---p 00000000 00:00 0 
635b2000-63600000 rw-p 00000000 00:00 0          [stack:9088]
63600000-63800000 r--p 00000000 08:05 4910648    /usr/lib/locale/locale-archive
63800000-63827000 rw-p 00000000 00:00 0 
63827000-63900000 ---p 00000000 00:00 0 
63900000-639f9000 rw-p 00000000 00:00 0 
639f9000-63a00000 ---p 00000000 00:00 0 
63a1d000-63a5e000 r--p 00858000 08:05 4910648    /usr/lib/locale/locale-archive
63a5e000-63a61000 ---p 00000000 00:00 0 
63a61000-63aaf000 rw-p 00000000 00:00 0          [stack:9087]
63aaf000-63ab2000 ---p 00000000 00:00 0 
63ab2000-63b00000 rw-p 00000000 00:00 0          [stack:9086]
63b00000-63bfe000 rw-p 00000000 00:00 0 
63bfe000-63c00000 ---p 00000000 00:00 0 
63c0b000-63c0c000 ---p 00000000 00:00 0 
63c0c000-63cdb000 rw-p 00000000 00:00 0          [stack:9085]
63cdb000-63eb4000 r--s 03d20000 08:05 5506184    /usr/lib/jvm/java-8-oracle/jre/lib/rt.jar
63eb4000-642da000 rw-p 00000000 00:00 0 
642da000-64300000 ---p 00000000 00:00 0 
64300000-66700000 rw-p 00000000 00:00 0 
66700000-667fe000 rw-p 00000000 00:00 0 
667fe000-66800000 ---p 00000000 00:00 0 
66824000-6687f000 rw-p 00000000 00:00 0 
6687f000-66880000 ---p 00000000 00:00 0 
66880000-66900000 rw-p 00000000 00:00 0          [stack:9084]
66900000-66921000 rw-p 00000000 00:00 0 
66921000-66a00000 ---p 00000000 00:00 0 
66a00000-66afe000 rw-p 00000000 00:00 0 
66afe000-66b00000 ---p 00000000 00:00 0 
66b00000-66b21000 rw-p 00000000 00:00 0 
66b21000-66c00000 ---p 00000000 00:00 0 
66c12000-66c28000 r--s 000f1000 08:05 2614595    /home/hamid/AndroidStudioProjects/TheFusion/app/build/intermediates/exploded-aar/com.android.support/support-v4/23.4.0/jars/classes.jar
66c28000-66c29000 ---p 00000000 00:00 0 
66c29000-66cbe000 rw-p 00000000 00:00 0          [stack:9083]
66cbe000-66dff000 ---p 00000000 00:00 0 
66dff000-66e14000 rw-p 00000000 00:00 0 
66e14000-66f54000 ---p 00000000 00:00 0 
66f54000-66fa4000 rw-p 00000000 00:00 0 
66fa4000-66fff000 ---p 00000000 00:00 0 
66fff000-69980000 rw-p 00000000 00:00 0 
69980000-91ac0000 ---p 00000000 00:00 0 
91ac0000-9b940000 rw-p 00000000 00:00 0 
a426f000-a44c0000 rw-p 00000000 00:00 0 
a44c0000-a7000000 ---p 00000000 00:00 0 
a700c000-a7024000 rw-p 00000000 00:00 0 
a7024000-a7025000 ---p 00000000 00:00 0 
a7025000-a70a5000 rw-p 00000000 00:00 0          [stack:9082]
a70a5000-a70a6000 ---p 00000000 00:00 0 
a70a6000-a713c000 rw-p 00000000 00:00 0          [stack:9081]
a713c000-a74e6000 ---p 00000000 00:00 0 
a74e6000-a7a5e000 rwxp 00000000 00:00 0 
a7a5e000-b64e6000 ---p 00000000 00:00 0 
b64e6000-b64ff000 r-xp 00000000 08:05 5506137    /usr/lib/jvm/java-8-oracle/jre/lib/i386/libzip.so
b64ff000-b6500000 rw-p 00019000 08:05 5506137    /usr/lib/jvm/java-8-oracle/jre/lib/i386/libzip.so
b6500000-b65fb000 rw-p 00000000 00:00 0 
b65fb000-b6600000 ---p 00000000 00:00 0 
b6603000-b660f000 r-xp 00000000 08:05 5555388    /lib/i386-linux-gnu/libnss_files-2.21.so
b660f000-b6610000 r--p 0000b000 08:05 5555388    /lib/i386-linux-gnu/libnss_files-2.21.so
b6610000-b6611000 rw-p 0000c000 08:05 5555388    /lib/i386-linux-gnu/libnss_files-2.21.so
b6611000-b661c000 r-xp 00000000 08:05 5555398    /lib/i386-linux-gnu/libnss_nis-2.21.so
b661c000-b661d000 r--p 0000a000 08:05 5555398    /lib/i386-linux-gnu/libnss_nis-2.21.so
b661d000-b661e000 rw-p 0000b000 08:05 5555398    /lib/i386-linux-gnu/libnss_nis-2.21.so
b661e000-b6635000 r-xp 00000000 08:05 5555382    /lib/i386-linux-gnu/libnsl-2.21.so
b6635000-b6636000 r--p 00016000 08:05 5555382    /lib/i386-linux-gnu/libnsl-2.21.so
b6636000-b6637000 rw-p 00017000 08:05 5555382    /lib/i386-linux-gnu/libnsl-2.21.so
b6637000-b663b000 rw-p 00000000 00:00 0 
b663b000-b664a000 r--s 000df000 08:05 1909668    /home/hamid/Android/Sdk/build-tools/23.0.2/lib/dx.jar
b664a000-b6652000 rw-s 00000000 08:05 3588392    /tmp/hsperfdata_hamid/9076
b6652000-b6676000 r-xp 00000000 08:05 5506132    /usr/lib/jvm/java-8-oracle/jre/lib/i386/libjava.so
b6676000-b6677000 rw-p 00023000 08:05 5506132    /usr/lib/jvm/java-8-oracle/jre/lib/i386/libjava.so
b6677000-b667e000 r-xp 00000000 08:05 5555443    /lib/i386-linux-gnu/librt-2.21.so
b667e000-b667f000 r--p 00006000 08:05 5555443    /lib/i386-linux-gnu/librt-2.21.so
b667f000-b6680000 rw-p 00007000 08:05 5555443    /lib/i386-linux-gnu/librt-2.21.so
b6680000-b6683000 ---p 00000000 00:00 0 
b6683000-b66d1000 rw-p 00000000 00:00 0          [stack:9078]
b66d1000-b671c000 r-xp 00000000 08:05 5555361    /lib/i386-linux-gnu/libm-2.21.so
b671c000-b671d000 r--p 0004a000 08:05 5555361    /lib/i386-linux-gnu/libm-2.21.so
b671d000-b671e000 rw-p 0004b000 08:05 5555361    /lib/i386-linux-gnu/libm-2.21.so
b671e000-b709e000 r-xp 00000000 08:05 5506117    /usr/lib/jvm/java-8-oracle/jre/lib/i386/server/libjvm.so
b709e000-b710b000 rw-p 00980000 08:05 5506117    /usr/lib/jvm/java-8-oracle/jre/lib/i386/server/libjvm.so
b710b000-b7531000 rw-p 00000000 00:00 0 
b7531000-b76e5000 r-xp 00000000 08:05 5555302    /lib/i386-linux-gnu/libc-2.21.so
b76e5000-b76e8000 r--p 001b3000 08:05 5555302    /lib/i386-linux-gnu/libc-2.21.so
b76e8000-b76ea000 rw-p 001b6000 08:05 5555302    /lib/i386-linux-gnu/libc-2.21.so
b76ea000-b76ec000 rw-p 00000000 00:00 0 
b76ec000-b76ef000 r-xp 00000000 08:05 5555319    /lib/i386-linux-gnu/libdl-2.21.so
b76ef000-b76f0000 r--p 00002000 08:05 5555319    /lib/i386-linux-gnu/libdl-2.21.so
b76f0000-b76f1000 rw-p 00003000 08:05 5555319    /lib/i386-linux-gnu/libdl-2.21.so
b76f1000-b76f2000 rw-p 00000000 00:00 0 
b76f2000-b7706000 r-xp 00000000 08:05 5498673    /usr/lib/jvm/java-8-oracle/lib/i386/jli/libjli.so
b7706000-b7707000 rw-p 00014000 08:05 5498673    /usr/lib/jvm/java-8-oracle/lib/i386/jli/libjli.so
b7707000-b7720000 r-xp 00000000 08:05 5555435    /lib/i386-linux-gnu/libpthread-2.21.so
b7720000-b7721000 r--p 00018000 08:05 5555435    /lib/i386-linux-gnu/libpthread-2.21.so
b7721000-b7722000 rw-p 00019000 08:05 5555435    /lib/i386-linux-gnu/libpthread-2.21.so
b7722000-b7724000 rw-p 00000000 00:00 0 
b7724000-b7725000 r--p 005e0000 08:05 4910648    /usr/lib/locale/locale-archive
b7725000-b772d000 r-xp 00000000 08:05 5555384    /lib/i386-linux-gnu/libnss_compat-2.21.so
b772d000-b772e000 r--p 00007000 08:05 5555384    /lib/i386-linux-gnu/libnss_compat-2.21.so
b772e000-b772f000 rw-p 00008000 08:05 5555384    /lib/i386-linux-gnu/libnss_compat-2.21.so
b772f000-b7730000 rw-p 00000000 00:00 0 
b7730000-b7731000 ---p 00000000 00:00 0 
b7731000-b773c000 r-xp 00000000 08:05 5506083    /usr/lib/jvm/java-8-oracle/jre/lib/i386/libverify.so
b773c000-b773d000 rw-p 0000b000 08:05 5506083    /usr/lib/jvm/java-8-oracle/jre/lib/i386/libverify.so
b773d000-b773f000 rw-p 00000000 00:00 0 
b773f000-b7741000 r--p 00000000 00:00 0          [vvar]
b7741000-b7742000 r-xp 00000000 00:00 0          [vdso]
b7742000-b7764000 r-xp 00000000 08:05 5555274    /lib/i386-linux-gnu/ld-2.21.so
b7764000-b7765000 r--p 00021000 08:05 5555274    /lib/i386-linux-gnu/ld-2.21.so
b7765000-b7766000 rw-p 00022000 08:05 5555274    /lib/i386-linux-gnu/ld-2.21.so
bfeef000-bfef0000 rwxp 00000000 00:00 0 
bff22000-bff43000 rw-p 00000000 00:00 0          [stack]

VM Arguments:
jvm_args: -Djava.awt.headless=true -Xmx1024M -Dfile.encoding=UTF-8 -Duser.country=US -Duser.language=en -Duser.variant 
java_command: com.android.dx.command.Main --dex --num-threads=4 --output /home/hamid/AndroidStudioProjects/TheFusion/app/build/intermediates/pre-dexed/release/com.android.support-support-v4-23.4.0_18a2777a9f349f5afe9d0cd975b4f31714efea3f.jar /home/hamid/AndroidStudioProjects/TheFusion/app/build/intermediates/exploded-aar/com.android.support/support-v4/23.4.0/jars/classes.jar
java_class_path (initial): /home/hamid/Android/Sdk/build-tools/23.0.2/lib/dx.jar
Launcher Type: SUN_STANDARD

Environment Variables:
PATH=/usr/local/sbin:/usr/local/bin:/usr/sbin:/usr/bin:/sbin:/bin:/usr/games:/usr/local/games:/home/hamid/Android/Sdk/platform-tools
SHELL=/bin/bash
DISPLAY=:0

Signal Handlers:
SIGSEGV: [libjvm.so+0x8cdc10], sa_mask[0]=11111111011111111101111111111110, sa_flags=SA_RESTART|SA_SIGINFO
SIGBUS: [libjvm.so+0x8cdc10], sa_mask[0]=11111111011111111101111111111110, sa_flags=SA_RESTART|SA_SIGINFO
SIGFPE: [libjvm.so+0x74dbb0], sa_mask[0]=11111111011111111101111111111110, sa_flags=SA_RESTART|SA_SIGINFO
SIGPIPE: [libjvm.so+0x74dbb0], sa_mask[0]=11111111011111111101111111111110, sa_flags=SA_RESTART|SA_SIGINFO
SIGXFSZ: [libjvm.so+0x74dbb0], sa_mask[0]=11111111011111111101111111111110, sa_flags=SA_RESTART|SA_SIGINFO
SIGILL: [libjvm.so+0x74dbb0], sa_mask[0]=11111111011111111101111111111110, sa_flags=SA_RESTART|SA_SIGINFO
SIGUSR1: SIG_DFL, sa_mask[0]=00000000000000000000000000000000, sa_flags=none
SIGUSR2: [libjvm.so+0x74f230], sa_mask[0]=00100000000000000000000000000000, sa_flags=SA_RESTART|SA_SIGINFO
SIGHUP: [libjvm.so+0x7506e0], sa_mask[0]=11111111011111111101111111111110, sa_flags=SA_RESTART|SA_SIGINFO
SIGINT: [libjvm.so+0x7506e0], sa_mask[0]=11111111011111111101111111111110, sa_flags=SA_RESTART|SA_SIGINFO
SIGTERM: [libjvm.so+0x7506e0], sa_mask[0]=11111111011111111101111111111110, sa_flags=SA_RESTART|SA_SIGINFO
SIGQUIT: [libjvm.so+0x7506e0], sa_mask[0]=11111111011111111101111111111110, sa_flags=SA_RESTART|SA_SIGINFO


---------------  S Y S T E M  ---------------

OS:DISTRIB_ID=Ubuntu
DISTRIB_RELEASE=15.04
DISTRIB_CODENAME=vivid
DISTRIB_DESCRIPTION="Ubuntu 15.04"

uname:Linux 3.19.0-42-generic #48-Ubuntu SMP Thu Dec 17 22:55:02 UTC 2015 i686
libc:glibc 2.21 NPTL 2.21 
rlimit: STACK 8192k, CORE 0k, NPROC 31311, NOFILE 65536, AS infinity
load average:14.93 5.02 2.38

/proc/meminfo:
MemTotal:        4028792 kB
MemFree:          227976 kB
MemAvailable:     159900 kB
Buffers:            1208 kB
Cached:           410676 kB
SwapCached:            0 kB
Active:          3314064 kB
Inactive:         372904 kB
Active(anon):    3300788 kB
Inactive(anon):   358784 kB
Active(file):      13276 kB
Inactive(file):    14120 kB
Unevictable:          68 kB
Mlocked:              68 kB
HighTotal:       3175176 kB
HighFree:          40948 kB
LowTotal:         853616 kB
LowFree:          187028 kB
SwapTotal:             0 kB
SwapFree:              0 kB
Dirty:               152 kB
Writeback:             0 kB
AnonPages:       3275484 kB
Mapped:           156580 kB
Shmem:            384168 kB
Slab:              46420 kB
SReclaimable:      22508 kB
SUnreclaim:        23912 kB
KernelStack:        5496 kB
PageTables:        19252 kB
NFS_Unstable:          0 kB
Bounce:              308 kB
WritebackTmp:          0 kB
CommitLimit:     2014396 kB
Committed_AS:    7745340 kB
VmallocTotal:     122880 kB
VmallocUsed:       18492 kB
VmallocChunk:      80160 kB
AnonHugePages:   1419264 kB
CmaTotal:              0 kB
CmaFree:               0 kB
HugePages_Total:       0
HugePages_Free:        0
HugePages_Rsvd:        0
HugePages_Surp:        0
Hugepagesize:       2048 kB
DirectMap4k:       55288 kB
DirectMap2M:      858112 kB


CPU:total 4 (2 cores per cpu, 2 threads per core) family 6 model 69 stepping 1, cmov, cx8, fxsr, mmx, sse, sse2, sse3, ssse3, sse4.1, sse4.2, popcnt, avx, avx2, aes, clmul, erms, lzcnt, ht, tsc, tscinvbit, bmi1, bmi2

/proc/cpuinfo:
processor	: 0
vendor_id	: GenuineIntel
cpu family	: 6
model		: 69
model name	: Intel(R) Core(TM) i3-4030U CPU @ 1.90GHz
stepping	: 1
microcode	: 0x17
cpu MHz		: 1896.585
cache size	: 3072 KB
physical id	: 0
siblings	: 4
core id		: 0
cpu cores	: 2
apicid		: 0
initial apicid	: 0
fdiv_bug	: no
f00f_bug	: no
coma_bug	: no
fpu		: yes
fpu_exception	: yes
cpuid level	: 13
wp		: yes
flags		: fpu vme de pse tsc msr pae mce cx8 apic sep mtrr pge mca cmov pat pse36 clflush dts acpi mmx fxsr sse sse2 ss ht tm pbe nx pdpe1gb rdtscp lm constant_tsc arch_perfmon pebs bts xtopology nonstop_tsc aperfmperf eagerfpu pni pclmulqdq dtes64 monitor ds_cpl vmx est tm2 ssse3 fma cx16 xtpr pdcm pcid sse4_1 sse4_2 x2apic movbe popcnt tsc_deadline_timer aes xsave avx f16c rdrand lahf_lm abm arat epb pln pts dtherm tpr_shadow vnmi flexpriority ept vpid fsgsbase tsc_adjust bmi1 avx2 smep bmi2 erms invpcid xsaveopt
bugs		:
bogomips	: 3790.94
clflush size	: 64
cache_alignment	: 64
address sizes	: 39 bits physical, 48 bits virtual
power management:

processor	: 1
vendor_id	: GenuineIntel
cpu family	: 6
model		: 69
model name	: Intel(R) Core(TM) i3-4030U CPU @ 1.90GHz
stepping	: 1
microcode	: 0x17
cpu MHz		: 1893.097
cache size	: 3072 KB
physical id	: 0
siblings	: 4
core id		: 0
cpu cores	: 2
apicid		: 1
initial apicid	: 1
fdiv_bug	: no
f00f_bug	: no
coma_bug	: no
fpu		: yes
fpu_exception	: yes
cpuid level	: 13
wp		: yes
flags		: fpu vme de pse tsc msr pae mce cx8 apic sep mtrr pge mca cmov pat pse36 clflush dts acpi mmx fxsr sse sse2 ss ht tm pbe nx pdpe1gb rdtscp lm constant_tsc arch_perfmon pebs bts xtopology nonstop_tsc aperfmperf eagerfpu pni pclmulqdq dtes64 monitor ds_cpl vmx est tm2 ssse3 fma cx16 xtpr pdcm pcid sse4_1 sse4_2 x2apic movbe popcnt tsc_deadline_timer aes xsave avx f16c rdrand lahf_lm abm arat epb pln pts dtherm tpr_shadow vnmi flexpriority ept vpid fsgsbase tsc_adjust bmi1 avx2 smep bmi2 erms invpcid xsaveopt
bugs		:
bogomips	: 3790.94
clflush size	: 64
cache_alignment	: 64
address sizes	: 39 bits physical, 48 bits virtual
power management:

processor	: 2
vendor_id	: GenuineIntel
cpu family	: 6
model		: 69
model name	: Intel(R) Core(TM) i3-4030U CPU @ 1.90GHz
stepping	: 1
microcode	: 0x17
cpu MHz		: 1757.648
cache size	: 3072 KB
physical id	: 0
siblings	: 4
core id		: 1
cpu cores	: 2
apicid		: 2
initial apicid	: 2
fdiv_bug	: no
f00f_bug	: no
coma_bug	: no
fpu		: yes
fpu_exception	: yes
cpuid level	: 13
wp		: yes
flags		: fpu vme de pse tsc msr pae mce cx8 apic sep mtrr pge mca cmov pat pse36 clflush dts acpi mmx fxsr sse sse2 ss ht tm pbe nx pdpe1gb rdtscp lm constant_tsc arch_perfmon pebs bts xtopology nonstop_tsc aperfmperf eagerfpu pni pclmulqdq dtes64 monitor ds_cpl vmx est tm2 ssse3 fma cx16 xtpr pdcm pcid sse4_1 sse4_2 x2apic movbe popcnt tsc_deadline_timer aes xsave avx f16c rdrand lahf_lm abm arat epb pln pts dtherm tpr_shadow vnmi flexpriority ept vpid fsgsbase tsc_adjust bmi1 avx2 smep bmi2 erms invpcid xsaveopt
bugs		:
bogomips	: 3790.94
clflush size	: 64
cache_alignment	: 64
address sizes	: 39 bits physical, 48 bits virtual
power management:

processor	: 3
vendor_id	: GenuineIntel
cpu family	: 6
model		: 69
model name	: Intel(R) Core(TM) i3-4030U CPU @ 1.90GHz
stepping	: 1
microcode	: 0x17
cpu MHz		: 1890.351
cache size	: 3072 KB
physical id	: 0
siblings	: 4
core id		: 1
cpu cores	: 2
apicid		: 3
initial apicid	: 3
fdiv_bug	: no
f00f_bug	: no
coma_bug	: no
fpu		: yes
fpu_exception	: yes
cpuid level	: 13
wp		: yes
flags		: fpu vme de pse tsc msr pae mce cx8 apic sep mtrr pge mca cmov pat pse36 clflush dts acpi mmx fxsr sse sse2 ss ht tm pbe nx pdpe1gb rdtscp lm constant_tsc arch_perfmon pebs bts xtopology nonstop_tsc aperfmperf eagerfpu pni pclmulqdq dtes64 monitor ds_cpl vmx est tm2 ssse3 fma cx16 xtpr pdcm pcid sse4_1 sse4_2 x2apic movbe popcnt tsc_deadline_timer aes xsave avx f16c rdrand lahf_lm abm arat epb pln pts dtherm tpr_shadow vnmi flexpriority ept vpid fsgsbase tsc_adjust bmi1 avx2 smep bmi2 erms invpcid xsaveopt
bugs		:
bogomips	: 3790.94
clflush size	: 64
cache_alignment	: 64
address sizes	: 39 bits physical, 48 bits virtual
power management:



Memory: 4k page, physical 4028792k(228148k free), swap 0k(0k free)

vm_info: Java HotSpot(TM) Server VM (25.66-b17) for linux-x86 JRE (1.8.0_66-b17), built on Oct  6 2015 18:06:03 by "java_re" with gcc 4.3.0 20080428 (Red Hat 4.3.0-8)

time: Fri Jun 10 15:46:23 2016
elapsed time: 21 seconds (0d 0h 0m 21s)

